  tilemap.cpp
C:\Users\hugol\OneDrive\Documents\GitHub\EpicSim\SFMLGAME\tilemap.cpp(29,63): warning C4244: 'argument': conversion from 'unsigned int' to 'T', possible loss of data
C:\Users\hugol\OneDrive\Documents\GitHub\EpicSim\SFMLGAME\tilemap.cpp(29,63): warning C4244:         with
C:\Users\hugol\OneDrive\Documents\GitHub\EpicSim\SFMLGAME\tilemap.cpp(29,63): warning C4244:         [
C:\Users\hugol\OneDrive\Documents\GitHub\EpicSim\SFMLGAME\tilemap.cpp(29,63): warning C4244:             T=float
C:\Users\hugol\OneDrive\Documents\GitHub\EpicSim\SFMLGAME\tilemap.cpp(29,63): warning C4244:         ]
C:\Users\hugol\OneDrive\Documents\GitHub\EpicSim\SFMLGAME\tilemap.cpp(29,47): warning C4244: 'argument': conversion from 'unsigned int' to 'T', possible loss of data
C:\Users\hugol\OneDrive\Documents\GitHub\EpicSim\SFMLGAME\tilemap.cpp(29,47): warning C4244:         with
C:\Users\hugol\OneDrive\Documents\GitHub\EpicSim\SFMLGAME\tilemap.cpp(29,47): warning C4244:         [
C:\Users\hugol\OneDrive\Documents\GitHub\EpicSim\SFMLGAME\tilemap.cpp(29,47): warning C4244:             T=float
C:\Users\hugol\OneDrive\Documents\GitHub\EpicSim\SFMLGAME\tilemap.cpp(29,47): warning C4244:         ]
C:\Users\hugol\OneDrive\Documents\GitHub\EpicSim\SFMLGAME\tilemap.cpp(30,69): warning C4244: 'argument': conversion from 'unsigned int' to 'T', possible loss of data
C:\Users\hugol\OneDrive\Documents\GitHub\EpicSim\SFMLGAME\tilemap.cpp(30,69): warning C4244:         with
C:\Users\hugol\OneDrive\Documents\GitHub\EpicSim\SFMLGAME\tilemap.cpp(30,69): warning C4244:         [
C:\Users\hugol\OneDrive\Documents\GitHub\EpicSim\SFMLGAME\tilemap.cpp(30,69): warning C4244:             T=float
C:\Users\hugol\OneDrive\Documents\GitHub\EpicSim\SFMLGAME\tilemap.cpp(30,69): warning C4244:         ]
C:\Users\hugol\OneDrive\Documents\GitHub\EpicSim\SFMLGAME\tilemap.cpp(30,53): warning C4244: 'argument': conversion from 'unsigned int' to 'T', possible loss of data
C:\Users\hugol\OneDrive\Documents\GitHub\EpicSim\SFMLGAME\tilemap.cpp(30,53): warning C4244:         with
C:\Users\hugol\OneDrive\Documents\GitHub\EpicSim\SFMLGAME\tilemap.cpp(30,53): warning C4244:         [
C:\Users\hugol\OneDrive\Documents\GitHub\EpicSim\SFMLGAME\tilemap.cpp(30,53): warning C4244:             T=float
C:\Users\hugol\OneDrive\Documents\GitHub\EpicSim\SFMLGAME\tilemap.cpp(30,53): warning C4244:         ]
C:\Users\hugol\OneDrive\Documents\GitHub\EpicSim\SFMLGAME\tilemap.cpp(31,75): warning C4244: 'argument': conversion from 'unsigned int' to 'T', possible loss of data
C:\Users\hugol\OneDrive\Documents\GitHub\EpicSim\SFMLGAME\tilemap.cpp(31,75): warning C4244:         with
C:\Users\hugol\OneDrive\Documents\GitHub\EpicSim\SFMLGAME\tilemap.cpp(31,75): warning C4244:         [
C:\Users\hugol\OneDrive\Documents\GitHub\EpicSim\SFMLGAME\tilemap.cpp(31,75): warning C4244:             T=float
C:\Users\hugol\OneDrive\Documents\GitHub\EpicSim\SFMLGAME\tilemap.cpp(31,75): warning C4244:         ]
C:\Users\hugol\OneDrive\Documents\GitHub\EpicSim\SFMLGAME\tilemap.cpp(31,53): warning C4244: 'argument': conversion from 'unsigned int' to 'T', possible loss of data
C:\Users\hugol\OneDrive\Documents\GitHub\EpicSim\SFMLGAME\tilemap.cpp(31,53): warning C4244:         with
C:\Users\hugol\OneDrive\Documents\GitHub\EpicSim\SFMLGAME\tilemap.cpp(31,53): warning C4244:         [
C:\Users\hugol\OneDrive\Documents\GitHub\EpicSim\SFMLGAME\tilemap.cpp(31,53): warning C4244:             T=float
C:\Users\hugol\OneDrive\Documents\GitHub\EpicSim\SFMLGAME\tilemap.cpp(31,53): warning C4244:         ]
C:\Users\hugol\OneDrive\Documents\GitHub\EpicSim\SFMLGAME\tilemap.cpp(32,69): warning C4244: 'argument': conversion from 'unsigned int' to 'T', possible loss of data
C:\Users\hugol\OneDrive\Documents\GitHub\EpicSim\SFMLGAME\tilemap.cpp(32,69): warning C4244:         with
C:\Users\hugol\OneDrive\Documents\GitHub\EpicSim\SFMLGAME\tilemap.cpp(32,69): warning C4244:         [
C:\Users\hugol\OneDrive\Documents\GitHub\EpicSim\SFMLGAME\tilemap.cpp(32,69): warning C4244:             T=float
C:\Users\hugol\OneDrive\Documents\GitHub\EpicSim\SFMLGAME\tilemap.cpp(32,69): warning C4244:         ]
C:\Users\hugol\OneDrive\Documents\GitHub\EpicSim\SFMLGAME\tilemap.cpp(32,47): warning C4244: 'argument': conversion from 'unsigned int' to 'T', possible loss of data
C:\Users\hugol\OneDrive\Documents\GitHub\EpicSim\SFMLGAME\tilemap.cpp(32,47): warning C4244:         with
C:\Users\hugol\OneDrive\Documents\GitHub\EpicSim\SFMLGAME\tilemap.cpp(32,47): warning C4244:         [
C:\Users\hugol\OneDrive\Documents\GitHub\EpicSim\SFMLGAME\tilemap.cpp(32,47): warning C4244:             T=float
C:\Users\hugol\OneDrive\Documents\GitHub\EpicSim\SFMLGAME\tilemap.cpp(32,47): warning C4244:         ]
C:\Users\hugol\OneDrive\Documents\GitHub\EpicSim\SFMLGAME\tilemap.cpp(35,66): warning C4244: 'argument': conversion from 'T' to 'T', possible loss of data
C:\Users\hugol\OneDrive\Documents\GitHub\EpicSim\SFMLGAME\tilemap.cpp(35,66): warning C4244:         with
C:\Users\hugol\OneDrive\Documents\GitHub\EpicSim\SFMLGAME\tilemap.cpp(35,66): warning C4244:         [
C:\Users\hugol\OneDrive\Documents\GitHub\EpicSim\SFMLGAME\tilemap.cpp(35,66): warning C4244:             T=unsigned int
C:\Users\hugol\OneDrive\Documents\GitHub\EpicSim\SFMLGAME\tilemap.cpp(35,66): warning C4244:         ]
C:\Users\hugol\OneDrive\Documents\GitHub\EpicSim\SFMLGAME\tilemap.cpp(35,66): warning C4244:         and
C:\Users\hugol\OneDrive\Documents\GitHub\EpicSim\SFMLGAME\tilemap.cpp(35,66): warning C4244:         [
C:\Users\hugol\OneDrive\Documents\GitHub\EpicSim\SFMLGAME\tilemap.cpp(35,66): warning C4244:             T=float
C:\Users\hugol\OneDrive\Documents\GitHub\EpicSim\SFMLGAME\tilemap.cpp(35,66): warning C4244:         ]
C:\Users\hugol\OneDrive\Documents\GitHub\EpicSim\SFMLGAME\tilemap.cpp(35,49): warning C4244: 'argument': conversion from 'T' to 'T', possible loss of data
C:\Users\hugol\OneDrive\Documents\GitHub\EpicSim\SFMLGAME\tilemap.cpp(35,49): warning C4244:         with
C:\Users\hugol\OneDrive\Documents\GitHub\EpicSim\SFMLGAME\tilemap.cpp(35,49): warning C4244:         [
C:\Users\hugol\OneDrive\Documents\GitHub\EpicSim\SFMLGAME\tilemap.cpp(35,49): warning C4244:             T=unsigned int
C:\Users\hugol\OneDrive\Documents\GitHub\EpicSim\SFMLGAME\tilemap.cpp(35,49): warning C4244:         ]
C:\Users\hugol\OneDrive\Documents\GitHub\EpicSim\SFMLGAME\tilemap.cpp(35,49): warning C4244:         and
C:\Users\hugol\OneDrive\Documents\GitHub\EpicSim\SFMLGAME\tilemap.cpp(35,49): warning C4244:         [
C:\Users\hugol\OneDrive\Documents\GitHub\EpicSim\SFMLGAME\tilemap.cpp(35,49): warning C4244:             T=float
C:\Users\hugol\OneDrive\Documents\GitHub\EpicSim\SFMLGAME\tilemap.cpp(35,49): warning C4244:         ]
C:\Users\hugol\OneDrive\Documents\GitHub\EpicSim\SFMLGAME\tilemap.cpp(36,72): warning C4244: 'argument': conversion from 'T' to 'T', possible loss of data
C:\Users\hugol\OneDrive\Documents\GitHub\EpicSim\SFMLGAME\tilemap.cpp(36,72): warning C4244:         with
C:\Users\hugol\OneDrive\Documents\GitHub\EpicSim\SFMLGAME\tilemap.cpp(36,72): warning C4244:         [
C:\Users\hugol\OneDrive\Documents\GitHub\EpicSim\SFMLGAME\tilemap.cpp(36,72): warning C4244:             T=unsigned int
C:\Users\hugol\OneDrive\Documents\GitHub\EpicSim\SFMLGAME\tilemap.cpp(36,72): warning C4244:         ]
C:\Users\hugol\OneDrive\Documents\GitHub\EpicSim\SFMLGAME\tilemap.cpp(36,72): warning C4244:         and
C:\Users\hugol\OneDrive\Documents\GitHub\EpicSim\SFMLGAME\tilemap.cpp(36,72): warning C4244:         [
C:\Users\hugol\OneDrive\Documents\GitHub\EpicSim\SFMLGAME\tilemap.cpp(36,72): warning C4244:             T=float
C:\Users\hugol\OneDrive\Documents\GitHub\EpicSim\SFMLGAME\tilemap.cpp(36,72): warning C4244:         ]
C:\Users\hugol\OneDrive\Documents\GitHub\EpicSim\SFMLGAME\tilemap.cpp(36,55): warning C4244: 'argument': conversion from 'T' to 'T', possible loss of data
C:\Users\hugol\OneDrive\Documents\GitHub\EpicSim\SFMLGAME\tilemap.cpp(36,55): warning C4244:         with
C:\Users\hugol\OneDrive\Documents\GitHub\EpicSim\SFMLGAME\tilemap.cpp(36,55): warning C4244:         [
C:\Users\hugol\OneDrive\Documents\GitHub\EpicSim\SFMLGAME\tilemap.cpp(36,55): warning C4244:             T=unsigned int
C:\Users\hugol\OneDrive\Documents\GitHub\EpicSim\SFMLGAME\tilemap.cpp(36,55): warning C4244:         ]
C:\Users\hugol\OneDrive\Documents\GitHub\EpicSim\SFMLGAME\tilemap.cpp(36,55): warning C4244:         and
C:\Users\hugol\OneDrive\Documents\GitHub\EpicSim\SFMLGAME\tilemap.cpp(36,55): warning C4244:         [
C:\Users\hugol\OneDrive\Documents\GitHub\EpicSim\SFMLGAME\tilemap.cpp(36,55): warning C4244:             T=float
C:\Users\hugol\OneDrive\Documents\GitHub\EpicSim\SFMLGAME\tilemap.cpp(36,55): warning C4244:         ]
C:\Users\hugol\OneDrive\Documents\GitHub\EpicSim\SFMLGAME\tilemap.cpp(37,78): warning C4244: 'argument': conversion from 'T' to 'T', possible loss of data
C:\Users\hugol\OneDrive\Documents\GitHub\EpicSim\SFMLGAME\tilemap.cpp(37,78): warning C4244:         with
C:\Users\hugol\OneDrive\Documents\GitHub\EpicSim\SFMLGAME\tilemap.cpp(37,78): warning C4244:         [
C:\Users\hugol\OneDrive\Documents\GitHub\EpicSim\SFMLGAME\tilemap.cpp(37,78): warning C4244:             T=unsigned int
C:\Users\hugol\OneDrive\Documents\GitHub\EpicSim\SFMLGAME\tilemap.cpp(37,78): warning C4244:         ]
C:\Users\hugol\OneDrive\Documents\GitHub\EpicSim\SFMLGAME\tilemap.cpp(37,78): warning C4244:         and
C:\Users\hugol\OneDrive\Documents\GitHub\EpicSim\SFMLGAME\tilemap.cpp(37,78): warning C4244:         [
C:\Users\hugol\OneDrive\Documents\GitHub\EpicSim\SFMLGAME\tilemap.cpp(37,78): warning C4244:             T=float
C:\Users\hugol\OneDrive\Documents\GitHub\EpicSim\SFMLGAME\tilemap.cpp(37,78): warning C4244:         ]
C:\Users\hugol\OneDrive\Documents\GitHub\EpicSim\SFMLGAME\tilemap.cpp(37,55): warning C4244: 'argument': conversion from 'T' to 'T', possible loss of data
C:\Users\hugol\OneDrive\Documents\GitHub\EpicSim\SFMLGAME\tilemap.cpp(37,55): warning C4244:         with
C:\Users\hugol\OneDrive\Documents\GitHub\EpicSim\SFMLGAME\tilemap.cpp(37,55): warning C4244:         [
C:\Users\hugol\OneDrive\Documents\GitHub\EpicSim\SFMLGAME\tilemap.cpp(37,55): warning C4244:             T=unsigned int
C:\Users\hugol\OneDrive\Documents\GitHub\EpicSim\SFMLGAME\tilemap.cpp(37,55): warning C4244:         ]
C:\Users\hugol\OneDrive\Documents\GitHub\EpicSim\SFMLGAME\tilemap.cpp(37,55): warning C4244:         and
C:\Users\hugol\OneDrive\Documents\GitHub\EpicSim\SFMLGAME\tilemap.cpp(37,55): warning C4244:         [
C:\Users\hugol\OneDrive\Documents\GitHub\EpicSim\SFMLGAME\tilemap.cpp(37,55): warning C4244:             T=float
C:\Users\hugol\OneDrive\Documents\GitHub\EpicSim\SFMLGAME\tilemap.cpp(37,55): warning C4244:         ]
C:\Users\hugol\OneDrive\Documents\GitHub\EpicSim\SFMLGAME\tilemap.cpp(38,72): warning C4244: 'argument': conversion from 'T' to 'T', possible loss of data
C:\Users\hugol\OneDrive\Documents\GitHub\EpicSim\SFMLGAME\tilemap.cpp(38,72): warning C4244:         with
C:\Users\hugol\OneDrive\Documents\GitHub\EpicSim\SFMLGAME\tilemap.cpp(38,72): warning C4244:         [
C:\Users\hugol\OneDrive\Documents\GitHub\EpicSim\SFMLGAME\tilemap.cpp(38,72): warning C4244:             T=unsigned int
C:\Users\hugol\OneDrive\Documents\GitHub\EpicSim\SFMLGAME\tilemap.cpp(38,72): warning C4244:         ]
C:\Users\hugol\OneDrive\Documents\GitHub\EpicSim\SFMLGAME\tilemap.cpp(38,72): warning C4244:         and
C:\Users\hugol\OneDrive\Documents\GitHub\EpicSim\SFMLGAME\tilemap.cpp(38,72): warning C4244:         [
C:\Users\hugol\OneDrive\Documents\GitHub\EpicSim\SFMLGAME\tilemap.cpp(38,72): warning C4244:             T=float
C:\Users\hugol\OneDrive\Documents\GitHub\EpicSim\SFMLGAME\tilemap.cpp(38,72): warning C4244:         ]
C:\Users\hugol\OneDrive\Documents\GitHub\EpicSim\SFMLGAME\tilemap.cpp(38,49): warning C4244: 'argument': conversion from 'T' to 'T', possible loss of data
C:\Users\hugol\OneDrive\Documents\GitHub\EpicSim\SFMLGAME\tilemap.cpp(38,49): warning C4244:         with
C:\Users\hugol\OneDrive\Documents\GitHub\EpicSim\SFMLGAME\tilemap.cpp(38,49): warning C4244:         [
C:\Users\hugol\OneDrive\Documents\GitHub\EpicSim\SFMLGAME\tilemap.cpp(38,49): warning C4244:             T=unsigned int
C:\Users\hugol\OneDrive\Documents\GitHub\EpicSim\SFMLGAME\tilemap.cpp(38,49): warning C4244:         ]
C:\Users\hugol\OneDrive\Documents\GitHub\EpicSim\SFMLGAME\tilemap.cpp(38,49): warning C4244:         and
C:\Users\hugol\OneDrive\Documents\GitHub\EpicSim\SFMLGAME\tilemap.cpp(38,49): warning C4244:         [
C:\Users\hugol\OneDrive\Documents\GitHub\EpicSim\SFMLGAME\tilemap.cpp(38,49): warning C4244:             T=float
C:\Users\hugol\OneDrive\Documents\GitHub\EpicSim\SFMLGAME\tilemap.cpp(38,49): warning C4244:         ]
  SFMLGAME.vcxproj -> C:\Users\hugol\OneDrive\Documents\GitHub\EpicSim\Debug\SFMLGAME.exe
